<?xml version="1.0" encoding="UTF-8"?>
<!-- Generated by org.testng.reporters.JUnitReportReporter -->
<testsuite hostname="LAPTOP-FMPKREUL" failures="0" tests="2" name="api.test.UsersTests" time="4.959" errors="0" timestamp="2024-11-19T20:00:31 IST" skipped="0">
  <testcase classname="api.test.UsersTests" name="testPostUser" time="3.726"/>
  <testcase classname="api.test.UsersTests" name="testGetUserbyName" time="1.233"/>
</testsuite> <!-- api.test.UsersTests -->
