<?xml version="1.0" encoding="UTF-8"?>
<!-- Generated by org.testng.reporters.JUnitReportReporter -->
<testsuite hostname="LAPTOP-FMPKREUL" failures="0" tests="2" name="api.test.UsersTests" time="5.030" errors="0" timestamp="2024-11-20T01:10:25 IST" skipped="0">
  <testcase classname="api.test.UsersTests" name="testPostUser" time="3.567"/>
  <testcase classname="api.test.UsersTests" name="testGetUserbyName" time="1.463"/>
</testsuite> <!-- api.test.UsersTests -->
